Vivado Simulator 2014.2
Copyright 1986-1999, 2001-2014 Xilinx, Inc. All Rights Reserved.
Running: C:/Xilinx/Vivado/2014.2/bin/unwrapped/win64.o/xelab.exe --debug typical --relax -L xil_defaultlib -L unisims_ver -L unimacro_ver -L secureip --snapshot monocycle_rtl_tb_behav --prj C:/Users/alan7/Documents/procesadores/monocycle/monocycle_rtl/monocycle_rtl.sim/sim_1/behav/monocycle_rtl_tb.prj xil_defaultlib.monocycle_rtl_tb xil_defaultlib.glbl 
Multi-threading is on. Using 10 slave threads.
Determining compilation order of HDL files.
INFO: [VRFC 10-165] Analyzing Verilog file "C:/Users/alan7/Documents/procesadores/monocycle/monocycle_rtl/monocycle_rtl.srcs/sources_1/new/fetch_instruction_memory.v" into library xil_defaultlib
INFO: [VRFC 10-311] analyzing module fetch_instruction_memory
INFO: [VRFC 10-165] Analyzing Verilog file "C:/Users/alan7/Documents/procesadores/monocycle/monocycle_rtl/monocycle_rtl.srcs/sources_1/new/sing_extension_jump.v" into library xil_defaultlib
INFO: [VRFC 10-311] analyzing module sing_extension_jump
INFO: [VRFC 10-165] Analyzing Verilog file "C:/Users/alan7/Documents/procesadores/monocycle/monocycle_rtl/monocycle_rtl.srcs/sources_1/new/sign_extension.v" into library xil_defaultlib
INFO: [VRFC 10-311] analyzing module sign_extension
INFO: [VRFC 10-165] Analyzing Verilog file "C:/Users/alan7/Documents/procesadores/monocycle/monocycle_rtl/monocycle_rtl.srcs/sources_1/new/register_file.v" into library xil_defaultlib
INFO: [VRFC 10-311] analyzing module register_file
INFO: [VRFC 10-165] Analyzing Verilog file "C:/Users/alan7/Documents/procesadores/monocycle/monocycle_rtl/monocycle_rtl.srcs/sources_1/new/order_and_sing_extension.v" into library xil_defaultlib
INFO: [VRFC 10-311] analyzing module order_and_sing_extension
INFO: [VRFC 10-165] Analyzing Verilog file "C:/Users/alan7/Documents/procesadores/monocycle/monocycle_rtl/monocycle_rtl.srcs/sources_1/new/mux2_1.v" into library xil_defaultlib
INFO: [VRFC 10-311] analyzing module mux2_1
INFO: [VRFC 10-165] Analyzing Verilog file "C:/Users/alan7/Documents/procesadores/monocycle/monocycle_rtl/monocycle_rtl.srcs/sources_1/new/fetch.v" into library xil_defaultlib
INFO: [VRFC 10-311] analyzing module fetch
INFO: [VRFC 10-165] Analyzing Verilog file "C:/Users/alan7/Documents/procesadores/monocycle/monocycle_rtl/monocycle_rtl.srcs/sources_1/new/data_memory.v" into library xil_defaultlib
INFO: [VRFC 10-311] analyzing module data_memory
INFO: [VRFC 10-165] Analyzing Verilog file "C:/Users/alan7/Documents/procesadores/monocycle/monocycle_rtl/monocycle_rtl.srcs/sources_1/new/control.v" into library xil_defaultlib
INFO: [VRFC 10-311] analyzing module control
INFO: [VRFC 10-165] Analyzing Verilog file "C:/Users/alan7/Documents/procesadores/monocycle/monocycle_rtl/monocycle_rtl.srcs/sources_1/new/alu.v" into library xil_defaultlib
INFO: [VRFC 10-311] analyzing module alu
INFO: [VRFC 10-165] Analyzing Verilog file "C:/Users/alan7/Documents/procesadores/monocycle/monocycle_rtl/monocycle_rtl.srcs/sources_1/new/monocycle_rtl.v" into library xil_defaultlib
INFO: [VRFC 10-311] analyzing module monocycle_rtl
INFO: [VRFC 10-165] Analyzing Verilog file "C:/Users/alan7/Documents/procesadores/monocycle/monocycle_rtl/monocycle_rtl.srcs/sim_1/new/monocycle_rtl_tb.v" into library xil_defaultlib
INFO: [VRFC 10-311] analyzing module monocycle_rtl_tb
INFO: [VRFC 10-165] Analyzing Verilog file "C:/Xilinx/Vivado/2014.2/data/verilog/src/glbl.v" into library xil_defaultlib
INFO: [VRFC 10-311] analyzing module glbl
Starting static elaboration
WARNING: [VRFC 10-278] actual bit length 12 differs from formal bit length 13 for port data_i [C:/Users/alan7/Documents/procesadores/monocycle/monocycle_rtl/monocycle_rtl.srcs/sources_1/new/monocycle_rtl.v:140]
Completed static elaboration
Starting simulation data flow analysis
Completed simulation data flow analysis
Time Resolution for simulation is 1ps
Compiling module xil_defaultlib.fetch_instruction_memory
Compiling module xil_defaultlib.fetch
Compiling module xil_defaultlib.register_file
Compiling module xil_defaultlib.control
Compiling module xil_defaultlib.alu
Compiling module xil_defaultlib.data_memory
Compiling module xil_defaultlib.sign_extension
Compiling module xil_defaultlib.order_and_sing_extension
Compiling module xil_defaultlib.sing_extension_jump
Compiling module xil_defaultlib.mux2_1
Compiling module xil_defaultlib.monocycle_rtl
Compiling module xil_defaultlib.monocycle_rtl_tb
Compiling module xil_defaultlib.glbl
Built simulation snapshot monocycle_rtl_tb_behav
